# JRE version: Java(TM) SE Runtime Environment (8.0_71-b15) (build 1.8.0_71-b15)
# Java VM: Java HotSpot(TM) 64-Bit Server VM (25.71-b15 mixed mode linux-amd64 compressed oops)
Heap:
 PSYoungGen      total 130048K, used 3050K [0x00000000d7100000, 0x00000000df300000, 0x0000000100000000)
  eden space 126976K, 0% used [0x00000000d7100000,0x00000000d7100000,0x00000000ded00000)
  from space 3072K, 99% used [0x00000000ded00000,0x00000000deffa968,0x00000000df000000)
  to   space 3072K, 0% used [0x00000000df000000,0x00000000df000000,0x00000000df300000)
 ParOldGen       total 84992K, used 6557K [0x0000000085200000, 0x000000008a500000, 0x00000000d7100000)
  object space 84992K, 7% used [0x0000000085200000,0x00000000858674d8,0x000000008a500000)
 Metaspace       used 14923K, capacity 15144K, committed 15232K, reserved 1062912K
  class space    used 1828K, capacity 1908K, committed 1920K, reserved 1048576K
GC Heap History (10 events):
Event: 85.006 GC heap after
Heap after GC invocations=2 (full 0):
 PSYoungGen      total 36864K, used 2578K [0x00000000d7100000, 0x00000000db900000, 0x0000000100000000)
  eden space 31744K, 0% used [0x00000000d7100000,0x00000000d7100000,0x00000000d9000000)
  from space 5120K, 50% used [0x00000000d9500000,0x00000000d9784840,0x00000000d9a00000)
  to   space 5120K, 0% used [0x00000000d9000000,0x00000000d9000000,0x00000000d9500000)
 ParOldGen       total 84992K, used 24K [0x0000000085200000, 0x000000008a500000, 0x00000000d7100000)
  object space 84992K, 0% used [0x0000000085200000,0x0000000085206000,0x000000008a500000)
 Metaspace       used 14830K, capacity 15016K, committed 15232K, reserved 1062912K
  class space    used 1823K, capacity 1908K, committed 1920K, reserved 1048576K
}
Event: 85.236 GC heap before
{Heap before GC invocations=3 (full 0):
 PSYoungGen      total 36864K, used 34322K [0x00000000d7100000, 0x00000000db900000, 0x0000000100000000)
  eden space 31744K, 100% used [0x00000000d7100000,0x00000000d9000000,0x00000000d9000000)
  from space 5120K, 50% used [0x00000000d9500000,0x00000000d9784840,0x00000000d9a00000)
  to   space 5120K, 0% used [0x00000000d9000000,0x00000000d9000000,0x00000000d9500000)
 ParOldGen       total 84992K, used 24K [0x0000000085200000, 0x000000008a500000, 0x00000000d7100000)
  object space 84992K, 0% used [0x0000000085200000,0x0000000085206000,0x000000008a500000)
 Metaspace       used 14840K, capacity 15080K, committed 15232K, reserved 1062912K
  class space    used 1824K, capacity 1908K, committed 1920K, reserved 1048576K
Event: 85.241 GC heap after
Heap after GC invocations=3 (full 0):
 PSYoungGen      total 36864K, used 2608K [0x00000000d7100000, 0x00000000db900000, 0x0000000100000000)
  eden space 31744K, 0% used [0x00000000d7100000,0x00000000d7100000,0x00000000d9000000)
  from space 5120K, 50% used [0x00000000d9000000,0x00000000d928c030,0x00000000d9500000)
  to   space 5120K, 0% used [0x00000000db400000,0x00000000db400000,0x00000000db900000)
 ParOldGen       total 84992K, used 32K [0x0000000085200000, 0x000000008a500000, 0x00000000d7100000)
  object space 84992K, 0% used [0x0000000085200000,0x0000000085208000,0x000000008a500000)
 Metaspace       used 14840K, capacity 15080K, committed 15232K, reserved 1062912K
  class space    used 1824K, capacity 1908K, committed 1920K, reserved 1048576K
}
Event: 85.424 GC heap before
{Heap before GC invocations=4 (full 0):
 PSYoungGen      total 36864K, used 34352K [0x00000000d7100000, 0x00000000db900000, 0x0000000100000000)
  eden space 31744K, 100% used [0x00000000d7100000,0x00000000d9000000,0x00000000d9000000)
  from space 5120K, 50% used [0x00000000d9000000,0x00000000d928c030,0x00000000d9500000)
  to   space 5120K, 0% used [0x00000000db400000,0x00000000db400000,0x00000000db900000)
 ParOldGen       total 84992K, used 32K [0x0000000085200000, 0x000000008a500000, 0x00000000d7100000)
  object space 84992K, 0% used [0x0000000085200000,0x0000000085208000,0x000000008a500000)
 Metaspace       used 14846K, capacity 15080K, committed 15232K, reserved 1062912K
  class space    used 1824K, capacity 1908K, committed 1920K, reserved 1048576K
Event: 85.439 GC heap after
Heap after GC invocations=4 (full 0):
 PSYoungGen      total 68608K, used 2640K [0x00000000d7100000, 0x00000000db900000, 0x0000000100000000)
  eden space 63488K, 0% used [0x00000000d7100000,0x00000000d7100000,0x00000000daf00000)
  from space 5120K, 51% used [0x00000000db400000,0x00000000db694010,0x00000000db900000)
  to   space 5120K, 0% used [0x00000000daf00000,0x00000000daf00000,0x00000000db400000)
 ParOldGen       total 84992K, used 40K [0x0000000085200000, 0x000000008a500000, 0x00000000d7100000)
  object space 84992K, 0% used [0x0000000085200000,0x000000008520a000,0x000000008a500000)
 Metaspace       used 14846K, capacity 15080K, committed 15232K, reserved 1062912K
  class space    used 1824K, capacity 1908K, committed 1920K, reserved 1048576K
}
Event: 86.283 GC heap before
{Heap before GC invocations=5 (full 0):
 PSYoungGen      total 68608K, used 66128K [0x00000000d7100000, 0x00000000db900000, 0x0000000100000000)
  eden space 63488K, 100% used [0x00000000d7100000,0x00000000daf00000,0x00000000daf00000)
  from space 5120K, 51% used [0x00000000db400000,0x00000000db694010,0x00000000db900000)
  to   space 5120K, 0% used [0x00000000daf00000,0x00000000daf00000,0x00000000db400000)
 ParOldGen       total 84992K, used 40K [0x0000000085200000, 0x000000008a500000, 0x00000000d7100000)
  object space 84992K, 0% used [0x0000000085200000,0x000000008520a000,0x000000008a500000)
 Metaspace       used 14846K, capacity 15080K, committed 15232K, reserved 1062912K
  class space    used 1824K, capacity 1908K, committed 1920K, reserved 1048576K
Event: 86.488 GC heap after
Heap after GC invocations=5 (full 0):
 PSYoungGen      total 68608K, used 2610K [0x00000000d7100000, 0x00000000df300000, 0x0000000100000000)
  eden space 63488K, 0% used [0x00000000d7100000,0x00000000d7100000,0x00000000daf00000)
  from space 5120K, 50% used [0x00000000daf00000,0x00000000db18c840,0x00000000db400000)
  to   space 3072K, 0% used [0x00000000df000000,0x00000000df000000,0x00000000df300000)
 ParOldGen       total 84992K, used 48K [0x0000000085200000, 0x000000008a500000, 0x00000000d7100000)
  object space 84992K, 0% used [0x0000000085200000,0x000000008520c000,0x000000008a500000)
 Metaspace       used 14846K, capacity 15080K, committed 15232K, reserved 1062912K
  class space    used 1824K, capacity 1908K, committed 1920K, reserved 1048576K
}
Event: 88.606 GC heap before
{Heap before GC invocations=6 (full 0):
 PSYoungGen      total 68608K, used 66098K [0x00000000d7100000, 0x00000000df300000, 0x0000000100000000)
  eden space 63488K, 100% used [0x00000000d7100000,0x00000000daf00000,0x00000000daf00000)
  from space 5120K, 50% used [0x00000000daf00000,0x00000000db18c840,0x00000000db400000)
  to   space 3072K, 0% used [0x00000000df000000,0x00000000df000000,0x00000000df300000)
 ParOldGen       total 84992K, used 48K [0x0000000085200000, 0x000000008a500000, 0x00000000d7100000)
  object space 84992K, 0% used [0x0000000085200000,0x000000008520c000,0x000000008a500000)
 Metaspace       used 14846K, capacity 15080K, committed 15232K, reserved 1062912K
  class space    used 1824K, capacity 1908K, committed 1920K, reserved 1048576K
Event: 88.615 GC heap after
Heap after GC invocations=6 (full 0):
 PSYoungGen      total 130048K, used 2594K [0x00000000d7100000, 0x00000000df300000, 0x0000000100000000)
  eden space 126976K, 0% used [0x00000000d7100000,0x00000000d7100000,0x00000000ded00000)
  from space 3072K, 84% used [0x00000000df000000,0x00000000df288850,0x00000000df300000)
  to   space 3072K, 0% used [0x00000000ded00000,0x00000000ded00000,0x00000000df000000)
 ParOldGen       total 84992K, used 48K [0x0000000085200000, 0x000000008a500000, 0x00000000d7100000)
  object space 84992K, 0% used [0x0000000085200000,0x000000008520c000,0x000000008a500000)
 Metaspace       used 14846K, capacity 15080K, committed 15232K, reserved 1062912K
  class space    used 1824K, capacity 1908K, committed 1920K, reserved 1048576K
}
Event: 94.877 GC heap before
{Heap before GC invocations=7 (full 0):
 PSYoungGen      total 130048K, used 129570K [0x00000000d7100000, 0x00000000df300000, 0x0000000100000000)
  eden space 126976K, 100% used [0x00000000d7100000,0x00000000ded00000,0x00000000ded00000)
  from space 3072K, 84% used [0x00000000df000000,0x00000000df288850,0x00000000df300000)
  to   space 3072K, 0% used [0x00000000ded00000,0x00000000ded00000,0x00000000df000000)
 ParOldGen       total 84992K, used 48K [0x0000000085200000, 0x000000008a500000, 0x00000000d7100000)
  object space 84992K, 0% used [0x0000000085200000,0x000000008520c000,0x000000008a500000)
 Metaspace       used 14923K, capacity 15144K, committed 15232K, reserved 1062912K
  class space    used 1828K, capacity 1908K, committed 1920K, reserved 1048576K

